C51 COMPILER V9.53.0.0   BASIC                                                             06/30/2018 17:48:23 PAGE 1   


C51 COMPILER V9.53.0.0, COMPILATION OF MODULE BASIC
OBJECT MODULE PLACED IN .\Basic.obj
COMPILER INVOKED BY: C:\Keil_v5\C51\BIN\C51.EXE ..\C_Codes\Basic.c OPTIMIZE(8,SPEED) BROWSE DEBUG OBJECTEXTEND PRINT(.\B
                    -asic.lst) TABS(2) OBJECT(.\Basic.obj)

line level    source

   1          #include<reg51.h>
   2          unsigned int i;
   3          
   4          void delay(){ 
   5   1        for(i =0 ;i<30000;i++);
   6   1      }
   7          
   8          void main(){
   9   1        
  10   1      //  P3 = 0x00;
  11   1      //  delay();
  12   1      //  P3 = 0xff;
  13   1      //  delay();
  14   1        
  15   1        while(1)
  16   1        {
  17   2          P0= 0x00;
  18   2          P1 = 0x11;
  19   2          P2 = 0x22;
  20   2          P3 = 0X33;
  21   2          delay();
  22   2          P0 =~P0;
  23   2          P1 =~P1;
  24   2          P2 =~P2;
  25   2          P3 =~P3;
  26   2          delay();
  27   2        }
  28   1      }


MODULE INFORMATION:   STATIC OVERLAYABLE
   CODE SIZE        =     54    ----
   CONSTANT SIZE    =   ----    ----
   XDATA SIZE       =   ----    ----
   PDATA SIZE       =   ----    ----
   DATA SIZE        =      2    ----
   IDATA SIZE       =   ----    ----
   BIT SIZE         =   ----    ----
END OF MODULE INFORMATION.


C51 COMPILATION COMPLETE.  0 WARNING(S),  0 ERROR(S)
