C51 COMPILER V9.53.0.0   CHANGING_OPERATIN                                                 06/30/2018 18:24:15 PAGE 1   


C51 COMPILER V9.53.0.0, COMPILATION OF MODULE CHANGING_OPERATIN
OBJECT MODULE PLACED IN .\Changing_Operatin.obj
COMPILER INVOKED BY: C:\Keil_v5\C51\BIN\C51.EXE ..\C_Codes\Changing_Operatin.c OPTIMIZE(8,SPEED) BROWSE DEBUG OBJECTEXTE
                    -ND PRINT(.\Changing_Operatin.lst) TABS(2) OBJECT(.\Changing_Operatin.obj)

line level    source

   1          #include<reg51.h>
   2          unsigned int i;
   3          sbit a = P1^3;
   4          void delay(){
   5   1          for(i = 1; i<3000; i++);
   6   1      }
   7          
   8          void main(){
   9   1        while(1){
  10   2      
  11   2          delay();
  12   2        
  13   2        if(a == 0)
  14   2          {
  15   3            P0 = P2 + P3;
  16   3          }
  17   2          else 
  18   2            P0 = P2 - P3;
  19   2        
  20   2          delay();
  21   2        }
  22   1      }


MODULE INFORMATION:   STATIC OVERLAYABLE
   CODE SIZE        =     49    ----
   CONSTANT SIZE    =   ----    ----
   XDATA SIZE       =   ----    ----
   PDATA SIZE       =   ----    ----
   DATA SIZE        =      2    ----
   IDATA SIZE       =   ----    ----
   BIT SIZE         =   ----    ----
END OF MODULE INFORMATION.


C51 COMPILATION COMPLETE.  0 WARNING(S),  0 ERROR(S)
