C51 COMPILER V9.53.0.0   CHARTRANS                                                         07/03/2018 17:32:11 PAGE 1   


C51 COMPILER V9.53.0.0, COMPILATION OF MODULE CHARTRANS
OBJECT MODULE PLACED IN .\CharTrans.obj
COMPILER INVOKED BY: C:\Keil_v5\C51\BIN\C51.EXE ..\SerialCommunication\CharTrans.c OPTIMIZE(8,SPEED) BROWSE DEBUG OBJECT
                    -EXTEND PRINT(.\CharTrans.lst) TABS(2) OBJECT(.\CharTrans.obj)

line level    source

   1          #include<reg51.h>
   2          unsigned char x[] = "jeet";
   3          int a=0;
   4          
   5          void main(){
   6   1        SCON = 0X50;
   7   1        TMOD = 0X20;
   8   1        TH1 = 0XFD;
   9   1        TR1 = 1;
  10   1        while(1){
  11   2          
  12   2          for(a;a<4;a++)
  13   2          {
  14   3            SBUF = x[a];
  15   3            while(TI == 0);
  16   3            TI = 0;
  17   3          }
  18   2        
  19   2        }
  20   1      }


MODULE INFORMATION:   STATIC OVERLAYABLE
   CODE SIZE        =     47    ----
   CONSTANT SIZE    =   ----    ----
   XDATA SIZE       =   ----    ----
   PDATA SIZE       =   ----    ----
   DATA SIZE        =      7    ----
   IDATA SIZE       =   ----    ----
   BIT SIZE         =   ----    ----
END OF MODULE INFORMATION.


C51 COMPILATION COMPLETE.  0 WARNING(S),  0 ERROR(S)
