A51 MACRO ASSEMBLER  CJNE                                                                 06/28/2018 17:23:11 PAGE     1


MACRO ASSEMBLER A51 V8.02b
OBJECT MODULE PLACED IN CJNE.OBJ
ASSEMBLER INVOKED BY: C:\Keil_v5\C51\BIN\A51.EXE CJNE.a51 SET(SMALL) DEBUG EP

LOC  OBJ            LINE     SOURCE

0000                   1     org 00h
                       2             ;; adding 10 to 20
                       3             ;mov a,#0
                       4             ;mov b,#9
                       5             ;mov r0,#9
                       6             ;loop :
                       7                     ;inc b
                       8                     ;inc r0
                       9                     ;add a,b
                      10             ;cjne r0,#20,loop
                      11     
                      12             ;;multiplying 25 10times 
                      13             ;mov r0,#0
                      14             ;loop :
                      15                     ;add a,#25
                      16                     ;inc r0
                      17             ;cjne r0,#10,loop
                      18             
                      19             
                      20     end
A51 MACRO ASSEMBLER  CJNE                                                                 06/28/2018 17:23:11 PAGE     2

SYMBOL TABLE LISTING
------ ----- -------


N A M E             T Y P E  V A L U E   ATTRIBUTES



REGISTER BANK(S) USED: 0 


ASSEMBLY COMPLETE.  0 WARNING(S), 0 ERROR(S)
