A51 MACRO ASSEMBLER  PORT_DISPLAYS2_V2                                                    06/29/2018 12:38:28 PAGE     1


MACRO ASSEMBLER A51 V8.02b
OBJECT MODULE PLACED IN .\Port_displays2_V2.obj
ASSEMBLER INVOKED BY: C:\Keil_v5\C51\BIN\A51.EXE ..\PortProgramming\Port_displays2_V2.asm SET(SMALL) DEBUG PRINT(.\Port_
                      displays2_V2.lst) OBJECT(.\Port_displays2_V2.obj) EP

LOC  OBJ            LINE     SOURCE

0000                   1     org 00h
0000 7815              2             mov r0,#15h
0002 8880              3             mov P0,r0
0004 28                4             add a,r0
                       5             
0005 7919              6             mov r1,#19h
0007 8990              7             mov P1,r1
0009 29                8             add a,r1
                       9             
000A 7A21             10             mov r2,#21h
000C 8AA0             11             mov P2,r2
000E 2A               12             add a,r2
                      13             
000F F5B0             14             mov P3,a
                      15     end
A51 MACRO ASSEMBLER  PORT_DISPLAYS2_V2                                                    06/29/2018 12:38:28 PAGE     2

SYMBOL TABLE LISTING
------ ----- -------


N A M E             T Y P E  V A L U E   ATTRIBUTES

P0 . . . . . . . .  D ADDR   0080H   A   
P1 . . . . . . . .  D ADDR   0090H   A   
P2 . . . . . . . .  D ADDR   00A0H   A   
P3 . . . . . . . .  D ADDR   00B0H   A   


REGISTER BANK(S) USED: 0 


ASSEMBLY COMPLETE.  0 WARNING(S), 0 ERROR(S)
