C51 COMPILER V9.53.0.0   RECIEVE_TRANSM                                                    07/03/2018 18:09:15 PAGE 1   


C51 COMPILER V9.53.0.0, COMPILATION OF MODULE RECIEVE_TRANSM
OBJECT MODULE PLACED IN .\Recieve_Transm.obj
COMPILER INVOKED BY: C:\Keil_v5\C51\BIN\C51.EXE ..\SerialCommunication\Recieve_Transm.c OPTIMIZE(8,SPEED) BROWSE DEBUG O
                    -BJECTEXTEND PRINT(.\Recieve_Transm.lst) TABS(2) OBJECT(.\Recieve_Transm.obj)

line level    source

   1          #include<reg51.h>
   2          
   3          void main(){
   4   1      
   5   1        SCON = 0X50;
   6   1        TMOD = 0X20;
   7   1        TH1 = 0XFD;
   8   1        TR1 = 1;
   9   1        while(1){
  10   2          while(RI == 0);
  11   2          P1 = SBUF;
  12   2          SBUF = P1;
  13   2          while(TI == 0);
  14   2          TI = 0;
  15   2          RI = 0;
  16   2        }
  17   1      
  18   1      }


MODULE INFORMATION:   STATIC OVERLAYABLE
   CODE SIZE        =     29    ----
   CONSTANT SIZE    =   ----    ----
   XDATA SIZE       =   ----    ----
   PDATA SIZE       =   ----    ----
   DATA SIZE        =   ----    ----
   IDATA SIZE       =   ----    ----
   BIT SIZE         =   ----    ----
END OF MODULE INFORMATION.


C51 COMPILATION COMPLETE.  0 WARNING(S),  0 ERROR(S)
